<?xml version="1.0" encoding="UTF-8"?>
<!-- Generated by org.testng.reporters.JUnitReportReporter -->
<testsuite hostname="Nikhil-LP" name="TestScanario.AutomationPractic.HomePageTest" tests="1" failures="0" timestamp="31 Jan 2022 09:44:33 GMT" time="13.898" errors="0">
  <testcase name="verifytheHomePageLogo" time="13.898" classname="TestScanario.AutomationPractic.HomePageTest"/>
</testsuite> <!-- TestScanario.AutomationPractic.HomePageTest -->
