<?xml version="1.0" encoding="UTF-8"?>
<!-- Generated by org.testng.reporters.JUnitReportReporter -->
<testsuite hostname="Nikhil-LP" name="TestScanario.TestLogin" tests="1" failures="0" timestamp="2 Dec 2021 17:35:01 GMT" time="16.800" errors="0">
  <testcase name="Login" time="16.800" classname="TestScanario.TestLogin"/>
</testsuite> <!-- TestScanario.TestLogin -->
